{"logLevel":"debug","message":"multithreading is set to false"}
{"logLevel":"debug","message":"Using reflection to scan dependencies for gauge implementations..."}
SLF4J: Failed to load class "org.slf4j.impl.StaticLoggerBinder".
SLF4J: Defaulting to no-operation (NOP) logger implementation
SLF4J: See http://www.slf4j.org/codes.html#StaticLoggerBinder for further details.
{"logLevel":"debug","message":"gauge-java took 987milliseconds to load and scan. This should be less than 'runner_connection_timeout' config value."}
{"logLevel":"debug","message":"run 'gauge config runner_connection_timeout' and verify that it is < 987"}
{"logLevel":"debug","message":"starting gRPC server..."}
{"logLevel":"debug","message":"started gRPC server on port 53140"}
{"logLevel":"info","message":"Listening on port:53140"}
{"logLevel":"debug","message":"Scanning packages for steps"}
{"logLevel":"debug","message":"Comparing 'Tests.LoginTest.SetUserName' and 'Tests.LoginTest.SetUserName'"}
{"logLevel":"debug","message":"Found Kullanıcı adı {} olarak girilir in current project scope."}
{"logLevel":"debug","message":"Comparing 'Tests.LoginTest.IsLoginSuccess' and 'Tests.LoginTest.IsLoginSuccess'"}
{"logLevel":"debug","message":"Found Login girisinin basarili oldugu gorulur in current project scope."}
{"logLevel":"debug","message":"Comparing 'Tests.LoginTest.ClickSignIn' and 'Tests.LoginTest.ClickSignIn'"}
{"logLevel":"debug","message":"Found Anasayfada giris Yap a tiklanir in current project scope."}
{"logLevel":"debug","message":"Comparing 'Tests.LoginTest.SetPassword' and 'Tests.LoginTest.SetPassword'"}
{"logLevel":"debug","message":"Found Password alanına {} girilir in current project scope."}
{"logLevel":"debug","message":"Comparing 'Tests.HomePageTest.IsHomePageLoaded' and 'Tests.HomePageTest.IsHomePageLoaded'"}
{"logLevel":"debug","message":"Found Anasayfanin acildigi gorulur in current project scope."}
{"logLevel":"debug","message":"Comparing 'Tests.HomePageTest.initializeWebSite' and 'Tests.HomePageTest.initializeWebSite'"}
{"logLevel":"debug","message":"Found {} sitesine giris yapilir in current project scope."}
{"logLevel":"debug","message":"Comparing 'Tests.LoginTest.ClikcLoginButton' and 'Tests.LoginTest.ClikcLoginButton'"}
{"logLevel":"debug","message":"Found Giris Yap butonuna tiklanir in current project scope."}
{"logLevel":"debug","message":"Scanning packages for hooks"}
{"logLevel":"debug","message":"Scanned steps (using static parsing + reflections): "}
{"logLevel":"debug","message":"\tLogin girisinin basarili oldugu gorulur : public void IsLoginSuccess()"}
{"logLevel":"debug","message":"\tAnasayfanin acildigi gorulur : public void IsHomePageLoaded()"}
{"logLevel":"debug","message":"\tKullanıcı adı {} olarak girilir : public void SetUserName(String userName)"}
{"logLevel":"debug","message":"\tGiris Yap butonuna tiklanir : public void ClikcLoginButton()"}
{"logLevel":"debug","message":"\t{} sitesine giris yapilir : public void initializeWebSite(String url)"}
{"logLevel":"debug","message":"\tAnasayfada giris Yap a tiklanir : public void ClickSignIn()"}
{"logLevel":"debug","message":"\tPassword alanına {} girilir : public void SetPassword(String password)"}
Starting ChromeDriver 89.0.4389.23 (61b08ee2c50024bab004e48d2b1b083cdbdac579-refs/branch-heads/4389@{#294}) on port 21655
Only local connections are allowed.
Please see https://chromedriver.chromium.org/security-considerations for suggestions on keeping ChromeDriver safe.
ChromeDriver was started successfully.
Mar 31, 2021 3:12:33 PM org.openqa.selenium.remote.ProtocolHandshake createSession
INFO: Detected dialect: W3C
{"logLevel":"debug","message":"Executing '{} sitesine giris yapilir' using 'class Tests.HomePageTest.initializeWebSite"}
{"logLevel":"debug","message":"Executing 'Anasayfanin acildigi gorulur' using 'class Tests.HomePageTest.IsHomePageLoaded"}
{"logLevel":"debug","message":"Executing 'Anasayfada giris Yap a tiklanir' using 'class Tests.LoginTest.ClickSignIn"}
{"logLevel":"debug","message":"Executing 'Kullanıcı adı {} olarak girilir' using 'class Tests.LoginTest.SetUserName"}
{"logLevel":"debug","message":"Executing 'Password alanına {} girilir' using 'class Tests.LoginTest.SetPassword"}
{"logLevel":"debug","message":"Executing 'Giris Yap butonuna tiklanir' using 'class Tests.LoginTest.ClikcLoginButton"}
{"logLevel":"debug","message":"Executing 'Login girisinin basarili oldugu gorulur' using 'class Tests.LoginTest.IsLoginSuccess"}
